<?xml version="1.0" encoding="UTF-8"?>
<!-- Generated by org.testng.reporters.JUnitReportReporter -->
<testsuite hostname="DESKTOP-64ISUKB" failures="0" tests="1" name="com.restAssuredFramework.testCaseClass.checkCode" time="0.011" errors="0" timestamp="2024-04-02T12:14:32 IST" skipped="0">
  <testcase classname="com.restAssuredFramework.testCaseClass.checkCode" name="check" time="0.011"/>
</testsuite> <!-- com.restAssuredFramework.testCaseClass.checkCode -->
