<?xml version="1.0" encoding="UTF-8"?>
<!-- Generated by org.testng.reporters.JUnitReportReporter -->
<testsuite hostname="roshan" failures="0" tests="1" name="com.restAssuredFramework.testCaseClass.GetApiTest" time="1.641" errors="0" timestamp="2024-01-07T01:43:48 IST" skipped="0">
  <testcase classname="com.restAssuredFramework.testCaseClass.GetApiTest" name="getUser" time="1.641"/>
</testsuite> <!-- com.restAssuredFramework.testCaseClass.GetApiTest -->
