<?xml version="1.0" encoding="UTF-8"?>
<!-- Generated by org.testng.reporters.JUnitReportReporter -->
<testsuite hostname="roshan" failures="0" tests="2" name="com.restAssuredFramework.testCaseClass.PutApiTest" time="2.562" errors="0" timestamp="2024-01-07T02:12:00 IST" skipped="0">
  <testcase classname="com.restAssuredFramework.testCaseClass.PutApiTest" name="updateUser" time="2.126"/>
  <testcase classname="com.restAssuredFramework.testCaseClass.PutApiTest" name="updateUser" time="0.436"/>
</testsuite> <!-- com.restAssuredFramework.testCaseClass.PutApiTest -->
