<?xml version="1.0" encoding="UTF-8"?>
<!-- Generated by org.testng.reporters.JUnitReportReporter -->
<testsuite hostname="roshan" failures="0" tests="2" name="com.restAssuredFramework.testCaseClass.PostApiTest" time="0.006" errors="0" timestamp="2024-01-08T00:50:56 IST" skipped="0">
  <testcase classname="com.restAssuredFramework.testCaseClass.PostApiTest" name="registerUser" time="0.001"/>
  <testcase classname="com.restAssuredFramework.testCaseClass.PostApiTest" name="registerUser" time="0.005"/>
</testsuite> <!-- com.restAssuredFramework.testCaseClass.PostApiTest -->
